[01:10:10] [ServerMain/INFO]: [bootstrap] Running Java 21 (OpenJDK 64-Bit Server VM 21.0.8+9-Ubuntu-0ubuntu124.04.1; Ubuntu null) on Linux 6.8.0-1030-azure (amd64)
[01:10:10] [ServerMain/INFO]: [bootstrap] Loading Paper 1.21.7-17-main@b4466ec (2025-07-06T18:59:07Z) for Minecraft 1.21.7
[01:10:10] [ServerMain/INFO]: [PluginInitializerManager] Initializing plugins...
[01:10:11] [Paper Plugin Remapper Thread - 0/INFO]: [PluginRemapper] Remapping plugin 'plugins/SkinsRestorer.jar'...
[01:10:15] [Paper Plugin Remapper Thread - 0/INFO]: [PluginRemapper] Done remapping plugin 'plugins/SkinsRestorer.jar' in 3343ms.
[01:10:15] [ServerMain/INFO]: [PluginInitializerManager] Initialized 9 plugins
[01:10:15] [ServerMain/INFO]: [PluginInitializerManager] Bukkit plugins (9):
 - Chunky (1.4.40), ChunkyBorder (1.2.23), DamageIndicator (2.2.3), Geyser-Spigot (2.8.3-SNAPSHOT), GravesX (4.9.7.3), SkinsRestorer (15.7.10), TreeFella (1.2), ViaVersion (5.4.2), floodgate (2.2.4-SNAPSHOT (b118-40d320a))
[01:10:20] [ServerMain/INFO]: Environment: Environment[sessionHost=https://sessionserver.mojang.com, servicesHost=https://api.minecraftservices.com, name=PROD]
[01:10:21] [ServerMain/INFO]: Loaded 1407 recipes
[01:10:21] [ServerMain/INFO]: Loaded 1520 advancements
[01:10:21] [ServerMain/INFO]: [ca.spottedleaf.dataconverter.minecraft.datatypes.MCTypeRegistry] Initialising converters for DataConverter...
[01:10:22] [ServerMain/INFO]: [ca.spottedleaf.dataconverter.minecraft.datatypes.MCTypeRegistry] Finished initialising converters for DataConverter in 429.2ms
[01:10:22] [Server thread/INFO]: Starting minecraft server version 1.21.7
[01:10:22] [Server thread/INFO]: Loading properties
[01:10:22] [Server thread/INFO]: This server is running Paper version 1.21.7-17-main@b4466ec (2025-07-06T18:59:07Z) (Implementing API version 1.21.7-R0.1-SNAPSHOT)
[01:10:22] [Server thread/INFO]: [spark] This server bundles the spark profiler. For more information please visit https://docs.papermc.io/paper/profiling
[01:10:22] [Server thread/INFO]: Server Ping Player Sample Count: 12
[01:10:22] [Server thread/INFO]: Using 4 threads for Netty based IO
[01:10:23] [Server thread/INFO]: [MoonriseCommon] Paper is using 1 worker threads, 1 I/O threads
[01:10:23] [Server thread/INFO]: [ChunkTaskScheduler] Chunk system is using population gen parallelism: true
[01:10:23] [Server thread/INFO]: Default game type: SURVIVAL
[01:10:23] [Server thread/INFO]: Generating keypair
[01:10:23] [Server thread/INFO]: Starting Minecraft server on *:25565
[01:10:23] [Server thread/INFO]: Using epoll channel type
[01:10:23] [Server thread/INFO]: Paper: Using libdeflate (Linux x86_64) compression from Velocity.
[01:10:23] [Server thread/INFO]: Paper: Using OpenSSL 3.x.x (Linux x86_64) cipher from Velocity.
[01:10:24] [Server thread/INFO]: [floodgate] Loading server plugin floodgate v2.2.4-SNAPSHOT (b118-40d320a)
[01:10:25] [Server thread/WARN]: [floodgate] en_ is not a supported Floodgate language.
[01:10:25] [Server thread/INFO]: [floodgate] Took 1,112ms to boot Floodgate
[01:10:25] [Server thread/INFO]: [ViaVersion] Loading server plugin ViaVersion v5.4.2
[01:10:25] [Server thread/INFO]: [ViaVersion] ViaVersion 5.4.2 is now loaded. Registering protocol transformers and injecting...
[01:10:26] [Via-Mappingloader-0/INFO]: [ViaVersion] Loading block connection mappings ...
[01:10:26] [Via-Mappingloader-0/INFO]: [ViaVersion] Using FastUtil Long2ObjectOpenHashMap for block connections
[01:10:27] [Server thread/INFO]: [Geyser-Spigot] Loading server plugin Geyser-Spigot v2.8.3-SNAPSHOT
[01:10:27] [Server thread/INFO]: [Geyser-Spigot] Loading extensions...
[01:10:27] [Server thread/INFO]: [Geyser-Spigot] Loaded 0 extension(s)
[01:10:27] [Server thread/INFO]: [Chunky] Loading server plugin Chunky v1.4.40
[01:10:27] [Server thread/INFO]: [GravesX] Loading server plugin GravesX v4.9.7.3
[01:10:27] [Server thread/INFO]: [DamageIndicator] Loading server plugin DamageIndicator v2.2.3
[01:10:27] [Server thread/INFO]: [TreeFella] Loading server plugin TreeFella v1.2
[01:10:27] [Server thread/INFO]: [ChunkyBorder] Loading server plugin ChunkyBorder v1.2.23
[01:10:27] [Server thread/INFO]: [SkinsRestorer] Loading server plugin SkinsRestorer v15.7.10
[01:10:27] [Server thread/INFO]: Server permissions file permissions.yml is empty, ignoring it
[01:10:27] [Server thread/INFO]: [SkinsRestorer] Enabling SkinsRestorer v15.7.10
[01:10:28] [Server thread/INFO]: [SkinsRestorer] Running on Minecraft 1.21.7.
[01:10:28] [Server thread/INFO]: [SkinsRestorer] Floodgate skin listener registered
[01:10:29] [Server thread/INFO]: [SkinsRestorer] Using paper join listener!
[01:10:29] [Server thread/WARN]: **** SERVER IS RUNNING IN OFFLINE/INSECURE MODE!
[01:10:29] [Server thread/WARN]: The server will make no attempt to authenticate usernames. Beware.
[01:10:29] [Server thread/WARN]: While this makes the game possible to play without internet access, it also opens up the ability for hackers to connect with any username they choose.
[01:10:29] [Server thread/WARN]: To change this, set "online-mode" to "true" in the server.properties file.
[01:10:29] [Server thread/INFO]: Preparing level "world"
[01:10:29] [Folia Async Scheduler Thread #1/INFO]: [SkinsRestorer] ----------------------------------------------
[01:10:29] [Folia Async Scheduler Thread #1/INFO]: [SkinsRestorer]     +==================+
[01:10:29] [Folia Async Scheduler Thread #1/INFO]: [SkinsRestorer]     |   SkinsRestorer  |
[01:10:29] [Folia Async Scheduler Thread #1/INFO]: [SkinsRestorer]     |------------------|
[01:10:29] [Folia Async Scheduler Thread #1/INFO]: [SkinsRestorer]     |  Standalone Mode |
[01:10:29] [Folia Async Scheduler Thread #1/INFO]: [SkinsRestorer]     +==================+
[01:10:29] [Folia Async Scheduler Thread #1/INFO]: [SkinsRestorer] ----------------------------------------------
[01:10:29] [Folia Async Scheduler Thread #1/INFO]: [SkinsRestorer]     Version: 15.7.10
[01:10:29] [Folia Async Scheduler Thread #1/INFO]: [SkinsRestorer]     Commit: 19ef760
[01:10:29] [Folia Async Scheduler Thread #1/INFO]: [SkinsRestorer]     This is the latest version!
[01:10:29] [Folia Async Scheduler Thread #1/INFO]: [SkinsRestorer] ----------------------------------------------
[01:10:29] [Folia Async Scheduler Thread #1/INFO]: [SkinsRestorer] Do you have issues? Read our troubleshooting guide: https://skinsrestorer.net/docs/troubleshooting
[01:10:29] [Folia Async Scheduler Thread #1/INFO]: [SkinsRestorer] Want to support SkinsRestorer? Consider donating: https://skinsrestorer.net/donate
[01:10:29] [Server thread/INFO]: Preparing start region for dimension minecraft:overworld
[01:10:29] [Server thread/INFO]: Preparing spawn area: 0%
[01:10:30] [Server thread/INFO]: Preparing spawn area: 2%
[01:10:30] [Server thread/INFO]: Preparing spawn area: 38%
[01:10:30] [Server thread/INFO]: Time elapsed: 1112 ms
[01:10:30] [Server thread/INFO]: Preparing start region for dimension minecraft:the_nether
[01:10:30] [Server thread/INFO]: Preparing spawn area: 0%
[01:10:31] [Server thread/INFO]: Time elapsed: 200 ms
[01:10:31] [Server thread/INFO]: Preparing start region for dimension minecraft:the_end
[01:10:31] [Server thread/INFO]: Preparing spawn area: 0%
[01:10:31] [Server thread/INFO]: Time elapsed: 138 ms
[01:10:31] [Server thread/INFO]: [floodgate] Enabling floodgate v2.2.4-SNAPSHOT (b118-40d320a)
[01:10:31] [Server thread/INFO]: [ViaVersion] Enabling ViaVersion v5.4.2
[01:10:31] [Server thread/INFO]: [ViaVersion] ViaVersion detected server version: 1.21.7-1.21.8 (772)
[01:10:31] [Server thread/WARN]: [ViaVersion] ViaVersion does not have any compatible versions for this server version!
[01:10:31] [Server thread/WARN]: [ViaVersion] ViaVersion only supports newer client versions. Use ViaBackwards to allow older versions (ViaRewind for 1.7/1.8) to join.
[01:10:31] [Server thread/WARN]: [ViaVersion] Get setup help at https://viaversion.com/setup or download ViaBackwards/ViaRewind directly at https://ci.viaversion.com/
[01:10:31] [Server thread/WARN]: [ViaVersion] Need more help? Join our Discord at https://viaversion.com/discord
[01:10:31] [Server thread/INFO]: [Geyser-Spigot] Enabling Geyser-Spigot v2.8.3-SNAPSHOT
[01:10:33] [Server thread/INFO]: [Chunky] Enabling Chunky v1.4.40
[01:10:33] [Server thread/INFO]: [GravesX] Enabling GravesX v4.9.7.3
[01:10:33] [Server thread/INFO]: [GravesX] Loading Libraries for GravesX
[01:10:33] [Server thread/INFO]: [GravesX] Loading library com.zaxxer.HikariCP version 6.0.0.
[01:10:33] [Server thread/INFO]: [GravesX] Loading library com.zaxxer:HikariCP:6.0.0
[01:10:33] [Server thread/INFO]: [GravesX] Loading library org.slf4j:slf4j-api:1.7.36
[01:10:33] [Server thread/INFO]: [GravesX] Loading library org.javassist:javassist:3.29.2-GA
[01:10:33] [Server thread/INFO]: [GravesX] Loading library io.micrometer:micrometer-core:1.5.10
[01:10:33] [Server thread/INFO]: [GravesX] Loading library org.hdrhistogram:HdrHistogram:2.1.12
[01:10:33] [Server thread/INFO]: [GravesX] Loading library org.latencyutils:LatencyUtils:2.0.3
[01:10:33] [Server thread/INFO]: [GravesX] Loaded library com.zaxxer.HikariCP version 6.0.0 and shaded successfully.
[01:10:33] [Server thread/INFO]: [GravesX] Loading library org.xerial.sqlite-jdbc version 3.47.0.0.
[01:10:33] [Server thread/INFO]: [GravesX] Loading library org.xerial:sqlite-jdbc:3.47.0.0
[01:10:33] [Server thread/INFO]: [GravesX] Loading library org.slf4j:slf4j-api:1.7.36
[01:10:33] [Server thread/INFO]: [GravesX] Loaded library org.xerial.sqlite-jdbc version 3.47.0.0 successfully.
[01:10:33] [Server thread/INFO]: [GravesX] Loading library org.json.json version 20240303.
[01:10:33] [Server thread/INFO]: [GravesX] Loading library org.json:json:20240303
[01:10:33] [Server thread/INFO]: [GravesX] Loaded library org.json.json version 20240303 successfully.
[01:10:33] [Server thread/INFO]: [GravesX] Loading library com.github.oshi.oshi-core version 6.6.5.
[01:10:33] [Server thread/INFO]: [GravesX] Loading library com.github.oshi:oshi-core:6.6.5
[01:10:33] [Server thread/INFO]: [GravesX] Loading library net.java.dev.jna:jna:5.15.0
[01:10:33] [Server thread/INFO]: [GravesX] Loading library net.java.dev.jna:jna-platform:5.15.0
[01:10:33] [Server thread/INFO]: [GravesX] Loading library org.slf4j:slf4j-api:2.0.16
[01:10:33] [Server thread/INFO]: [GravesX] Loaded library com.github.oshi.oshi-core version 6.6.5 successfully.
[01:10:34] [Server thread/INFO]: [GravesX] Loading library com.h2database.h2 version 2.3.232.
[01:10:34] [Server thread/INFO]: [GravesX] Loading library com.h2database:h2:2.3.232
[01:10:34] [Server thread/INFO]: [GravesX] Loaded library com.h2database.h2 version 2.3.232 and shaded successfully.
[01:10:34] [Server thread/INFO]: [GravesX] Loading library net.kyori.adventure-api version 4.17.0.
[01:10:34] [Server thread/INFO]: [GravesX] Loading library net.kyori:adventure-api:4.17.0
[01:10:34] [Server thread/INFO]: [GravesX] Loading library net.kyori:adventure-key:4.17.0
[01:10:34] [Server thread/INFO]: [GravesX] Loading library net.kyori:examination-api:1.3.0
[01:10:34] [Server thread/INFO]: [GravesX] Loading library net.kyori:examination-string:1.3.0
[01:10:34] [Server thread/INFO]: [GravesX] Loading library org.jetbrains:annotations:24.1.0
[01:10:34] [Server thread/INFO]: [GravesX] Loaded library net.kyori.adventure-api version 4.17.0 and shaded successfully.
[01:10:34] [Server thread/INFO]: [GravesX] Loading library net.kyori.adventure-text-minimessage version 4.17.0.
[01:10:34] [Server thread/INFO]: [GravesX] Loading library net.kyori:adventure-text-minimessage:4.17.0
[01:10:34] [Server thread/INFO]: [GravesX] Loading library net.kyori:adventure-api:4.17.0
[01:10:34] [Server thread/INFO]: [GravesX] Loading library net.kyori:adventure-key:4.17.0
[01:10:34] [Server thread/INFO]: [GravesX] Loading library net.kyori:examination-api:1.3.0
[01:10:34] [Server thread/INFO]: [GravesX] Loading library net.kyori:examination-string:1.3.0
[01:10:34] [Server thread/INFO]: [GravesX] Loading library org.jetbrains:annotations:24.1.0
[01:10:34] [Server thread/INFO]: [GravesX] Loaded library net.kyori.adventure-text-minimessage version 4.17.0 and shaded successfully.
[01:10:34] [Server thread/INFO]: [GravesX] Loading library net.kyori.adventure-text-serializer-gson version 4.17.0.
[01:10:34] [Server thread/INFO]: [GravesX] Loading library net.kyori:adventure-text-serializer-gson:4.17.0
[01:10:34] [Server thread/INFO]: [GravesX] Loading library net.kyori:adventure-text-serializer-json:4.17.0
[01:10:34] [Server thread/INFO]: [GravesX] Loading library net.kyori:adventure-api:4.17.0
[01:10:34] [Server thread/INFO]: [GravesX] Loading library net.kyori:adventure-key:4.17.0
[01:10:34] [Server thread/INFO]: [GravesX] Loading library net.kyori:examination-api:1.3.0
[01:10:34] [Server thread/INFO]: [GravesX] Loading library net.kyori:examination-string:1.3.0
[01:10:34] [Server thread/INFO]: [GravesX] Loading library org.jetbrains:annotations:24.1.0
[01:10:34] [Server thread/INFO]: [GravesX] Loading library net.kyori:option:1.0.0
[01:10:34] [Server thread/INFO]: [GravesX] Loading library com.google.code.gson:gson:2.8.0
[01:10:34] [Server thread/INFO]: [GravesX] Loading library com.google.auto.service:auto-service-annotations:1.1.1
[01:10:34] [Server thread/INFO]: [GravesX] Loaded library net.kyori.adventure-text-serializer-gson version 4.17.0 and shaded successfully.
[01:10:34] [Server thread/INFO]: [GravesX] Loading library net.kyori.adventure-platform-bukkit version 4.3.3.
[01:10:34] [Server thread/INFO]: [GravesX] Loading library net.kyori:adventure-platform-bukkit:4.3.3
[01:10:35] [Server thread/INFO]: [GravesX] Loading library net.kyori:adventure-platform-api:4.3.3
[01:10:35] [Server thread/INFO]: [GravesX] Loading library net.kyori:adventure-api:4.13.1
[01:10:35] [Server thread/INFO]: [GravesX] Loading library net.kyori:adventure-key:4.13.1
[01:10:35] [Server thread/INFO]: [GravesX] Loading library net.kyori:adventure-text-serializer-bungeecord:4.3.3
[01:10:35] [Server thread/INFO]: [GravesX] Loading library net.kyori:adventure-text-serializer-legacy:4.13.1
[01:10:35] [Server thread/INFO]: [GravesX] Loading library net.kyori:adventure-nbt:4.13.1
[01:10:35] [Server thread/INFO]: [GravesX] Loading library net.kyori:examination-api:1.3.0
[01:10:35] [Server thread/INFO]: [GravesX] Loading library net.kyori:examination-string:1.3.0
[01:10:35] [Server thread/INFO]: [GravesX] Loading library org.jetbrains:annotations:24.0.1
[01:10:35] [Server thread/INFO]: [GravesX] Loading library net.kyori:adventure-text-serializer-gson:4.13.1
[01:10:35] [Server thread/INFO]: [GravesX] Loading library net.kyori:adventure-text-serializer-gson-legacy-impl:4.13.1
[01:10:35] [Server thread/INFO]: [GravesX] Loading library net.kyori:adventure-platform-facet:4.3.3
[01:10:35] [Server thread/INFO]: [GravesX] Loading library net.kyori:adventure-platform-viaversion:4.3.3
[01:10:35] [Server thread/INFO]: [GravesX] Loaded library net.kyori.adventure-platform-bukkit version 4.3.3 and shaded successfully.
[01:10:35] [Server thread/INFO]: [GravesX] Loading library com.github.puregero.multilib version 1.2.4.
[01:10:35] [Server thread/INFO]: [GravesX] Loading library com.github.puregero:multilib:1.2.4
[01:10:35] [Server thread/INFO]: [GravesX] Loading library org.jetbrains:annotations:22.0.0
[01:10:35] [Server thread/INFO]: [GravesX] Loading library com.github.puregero:multilib-common:1.2.4
[01:10:35] [Server thread/INFO]: [GravesX] Loading library com.github.puregero:multilib-bukkit:1.2.4
[01:10:35] [Server thread/INFO]: [GravesX] Loading library com.github.puregero:multilib-multipaper:1.2.4
[01:10:35] [Server thread/INFO]: [GravesX] Loading library com.github.puregero:regionized-common:1.2.4
[01:10:35] [Server thread/INFO]: [GravesX] Loading library com.github.puregero:regionized-bukkit:1.2.4
[01:10:35] [Server thread/INFO]: [GravesX] Loading library com.github.puregero:regionized-paper:1.2.4
[01:10:35] [Server thread/INFO]: [GravesX] Loaded library com.github.puregero.multilib version 1.2.4 and shaded successfully.
[01:10:35] [Server thread/INFO]: [GravesX] Loading library org.apache.commons.commons-text version 1.12.0.
[01:10:35] [Server thread/INFO]: [GravesX] Loading library org.apache.commons:commons-text:1.12.0
[01:10:35] [Server thread/INFO]: [GravesX] Loading library org.apache.commons:commons-lang3:3.14.0
[01:10:35] [Server thread/INFO]: [GravesX] Loaded library org.apache.commons.commons-text version 1.12.0 and shaded successfully.
[01:10:35] [Server thread/INFO]: [GravesX] Finished Loading Libraries for GravesX.
[01:10:35] [Server thread/INFO]: [GravesX] Integration: Hooked into MiniMessage.
[01:10:35] [Server thread/INFO]: [GravesX] Integration: Hooked into Minedown Adventure.
[01:10:35] [Server thread/INFO]: [GravesX] Integration: Hooked into Geyser-Spigot 2.8.3-SNAPSHOT.
[01:10:35] [Server thread/INFO]: [GravesX] Integration: Hooked into floodgate 2.2.4-SNAPSHOT (b118-40d320a).
[01:10:35] [Server thread/INFO]: [com.ranull.graves.libraries.hikari.HikariDataSource] Graves H2 - Starting...
[01:10:36] [Server thread/INFO]: [com.ranull.graves.libraries.hikari.pool.HikariPool] Graves H2 - Added connection conn1: url=jdbc:h2:file:/workspaces/Server-3.0/servidor_minecraft/plugins/GravesX/data/graves.data user=SA
[01:10:36] [Server thread/INFO]: [com.ranull.graves.libraries.hikari.HikariDataSource] Graves H2 - Start completed.
[01:10:36] [Server thread/WARN]: [GravesX] SQLite database file or folder does not exist in "plugins/GravesX/data". Skipping database migration.
[01:10:36] [Server thread/INFO]: [GravesX] Metrics has been enabled. All metrics will be sent to https://bstats.org/plugin/bukkit/Graves/12849 and https://bstats.org/plugin/bukkit/GravesX/23069.
[01:10:36] [Server thread/INFO]: [DamageIndicator] Enabling DamageIndicator v2.2.3
[01:10:36] [Server thread/INFO]: [DamageIndicator] Using server version accessor for 1.21.7
[01:10:36] [Server thread/INFO]: [TreeFella] Enabling TreeFella v1.2
[01:10:36] [Server thread/INFO]: [ChunkyBorder] Enabling ChunkyBorder v1.2.23
[01:10:36] [Server thread/INFO]: [spark] Starting background profiler...
[01:10:37] [Server thread/INFO]: [Geyser-Spigot] ******************************************
[01:10:37] [Server thread/INFO]: [Geyser-Spigot] 
[01:10:37] [Server thread/INFO]: [Geyser-Spigot] Loading Geyser version 2.8.3-b903 (git-master-61a1ddd)
[01:10:37] [Server thread/INFO]: [Geyser-Spigot] 
[01:10:37] [Server thread/INFO]: [Geyser-Spigot] ******************************************
[01:10:41] [GeyserServer-3-1/INFO]: [Geyser-Spigot] Started Geyser on UDP port 19132
[01:10:41] [Server thread/INFO]: [Geyser-Spigot] Done (4.189s)! Run /geyser help for help!
[01:10:41] [Server thread/INFO]: Done preparing level "world" (12.395s)
[01:10:41] [Server thread/INFO]: Running delayed init tasks
[01:10:41] [Craft Scheduler Thread - 2 - ViaVersion/INFO]: [ViaVersion] Finished mapping loading, shutting down loader executor.
[01:10:41] [Server thread/INFO]: [GravesX] Registering Crash Handler...
[01:10:41] [Server thread/INFO]: [GravesX] Registered Crash Handler. Server will handle crashes in a separate thread.
[01:10:41] [Server thread/INFO]: Done (31.994s)! For help, type "help"
[01:10:41] [Craft Scheduler Thread - 1 - GravesX/INFO]: [GravesX] Loading grave maps...
[01:10:41] [Craft Scheduler Thread - 1 - GravesX/WARN]: [GravesX] Grave 2b25cc3a-36ae-4876-b4ec-8548322bd015 at location World: world, x: -3129, y: -23, z: -3216 is invalid. If this was caused by an addon, then report it to the plugin author. Reason: owner_texture is null, owner_texture_signature is null, killer_type is null
[01:10:41] [Craft Scheduler Thread - 1 - GravesX/INFO]: [GravesX] Loaded 1 grave maps into cache.
[01:10:41] [Craft Scheduler Thread - 5 - GravesX/INFO]: [GravesX] Loading Holograms into Hologram Map Cache...
[01:10:41] [Craft Scheduler Thread - 7 - GravesX/INFO]: [GravesX] Loading Entity Map Cache for armorstand...
[01:10:41] [Craft Scheduler Thread - 1 - GravesX/INFO]: [GravesX] Loading Block Map cache...
[01:10:41] [Craft Scheduler Thread - 7 - GravesX/INFO]: [GravesX] Loaded 0 entities into Entity Map Cache for armorstand.
[01:10:41] [Craft Scheduler Thread - 1 - GravesX/INFO]: [GravesX] Loaded 1 Blocks into the Block Map Cache.
[01:10:41] [Craft Scheduler Thread - 8 - GravesX/INFO]: [GravesX] Loading Entity Map Cache for itemframe...
[01:10:41] [Craft Scheduler Thread - 8 - GravesX/INFO]: [GravesX] Loaded 0 entities into Entity Map Cache for itemframe.
[01:10:41] [Craft Scheduler Thread - 5 - GravesX/INFO]: [GravesX] Loaded 3 Holograms into Hologram Map Cache.
[01:10:41] [Craft Scheduler Thread - 0 - GravesX/WARN]: [GravesX] You are using an outdated version of GravesX.
[01:10:41] [Craft Scheduler Thread - 0 - GravesX/WARN]: [GravesX] Installed Version: 4.9.7.3
[01:10:41] [Craft Scheduler Thread - 0 - GravesX/WARN]: [GravesX] Latest Version:  4.9.8.3
[01:10:41] [Craft Scheduler Thread - 0 - GravesX/WARN]: [GravesX] Grab the latest release from https://www.spigotmc.org/resources/118271/
[01:10:58] [User Authenticator #0/INFO]: UUID of player CHOMSKYby07 is 19b35e79-40a4-32b4-a052-cc4d629dd53a
[01:10:58] [Server thread/INFO]: [HorriblePlayerLoginEventHack] You have plugins listening to the PlayerLoginEvent, this will cause re-configuration APIs to be unavailable: [SkinsRestorer]
[01:11:00] [Server thread/INFO]: CHOMSKYby07 joined the game
[01:11:00] [Server thread/INFO]: CHOMSKYby07[/127.173.137.253:47965] logged in with entity id 16 at ([world]536.9995150962708, 89.0, -1936.3280496427833)
[01:11:16] [Async Chat Thread - #0/INFO]: [Not Secure] <CHOMSKYby07> ERES UN SONSO
[01:11:18] [Async Chat Thread - #0/INFO]: [Not Secure] <CHOMSKYby07> XDDDDDDDDDDDDDDDD
[01:11:19] [Async Chat Thread - #0/INFO]: [Not Secure] <CHOMSKYby07> csmr
[01:11:35] [Server thread/INFO]: [Not Secure] [Server] lo se
[01:11:59] [Async Chat Thread - #0/INFO]: [Not Secure] <CHOMSKYby07> TMR EDDY
[01:12:07] [Async Chat Thread - #0/INFO]: [Not Secure] <CHOMSKYby07> ahora tengo que abrirlo
[01:12:10] [Async Chat Thread - #0/INFO]: [Not Secure] <CHOMSKYby07> uno por uno
[01:12:12] [Async Chat Thread - #0/INFO]: [Not Secure] <CHOMSKYby07> lo malo
[01:12:15] [Async Chat Thread - #0/INFO]: [Not Secure] <CHOMSKYby07> es que hay crepers
[01:12:56] [Server thread/INFO]: [Not Secure] [Server] XDXDXD
[01:12:59] [Async Chat Thread - #0/INFO]: [Not Secure] <CHOMSKYby07> tmr
[01:13:00] [Async Chat Thread - #0/INFO]: [Not Secure] <CHOMSKYby07> :V
[01:13:11] [Async Chat Thread - #0/INFO]: [Not Secure] <CHOMSKYby07> quien murio?
[01:13:15] [Async Chat Thread - #0/INFO]: [Not Secure] <CHOMSKYby07> ahi estan unas cosas
[01:14:24] [Server thread/INFO]: --------- Help: Index ---------------------------------
[01:14:24] [Server thread/INFO]: Use /help [n] to get page n of help.
[01:14:24] [Server thread/INFO]: Aliases: Lists command aliases
[01:14:24] [Server thread/INFO]: Bukkit: All commands for Bukkit
[01:14:24] [Server thread/INFO]: Chunky: All commands for Chunky
[01:14:24] [Server thread/INFO]: DamageIndicator: All commands for DamageIndicator
[01:14:24] [Server thread/INFO]: floodgate: All commands for floodgate
[01:14:24] [Server thread/INFO]: Geyser-Spigot: All commands for Geyser-Spigot
[01:14:24] [Server thread/INFO]: GravesX: All commands for GravesX
[01:14:24] [Server thread/INFO]: Minecraft: All commands for Minecraft
[01:14:24] [Server thread/INFO]: Paper: All commands for Paper
[01:14:24] [Server thread/INFO]: SkinsRestorer: All commands for SkinsRestorer
[01:14:24] [Server thread/INFO]: ViaVersion: All commands for ViaVersion
[01:14:24] [Server thread/INFO]: /about: Gets the version of this server including any plugins in use
[01:14:24] [Server thread/INFO]: /advancement: A Mojang provided command.
[01:14:24] [Server thread/INFO]: /attribute: A Mojang provided command.
[01:14:24] [Server thread/INFO]: /ban: A Mojang provided command.
[01:14:24] [Server thread/INFO]: /ban-ip: A Mojang provided command.
[01:14:24] [Server thread/INFO]: /banlist: A Mojang provided command.
[01:14:24] [Server thread/INFO]: /bossbar: A Mojang provided command.
[01:14:24] [Server thread/INFO]: /bukkit:about: Gets the version of this server including any plugins in use
[01:14:24] [Server thread/INFO]: /bukkit:pl: Gets a list of plugins running on the server
[01:14:24] [Server thread/INFO]: /bukkit:plugins: Gets a list of plugins running on the server
[01:14:24] [Server thread/INFO]: /bukkit:ver: Gets the version of this server including any plugins in use
[01:14:24] [Server thread/INFO]: /bukkit:version: Gets the version of this server including any plugins in use
[01:14:24] [Server thread/INFO]: /chunky: Generates chunks
[01:14:24] [Server thread/INFO]: /clear: A Mojang provided command.
[01:14:24] [Server thread/INFO]: /clone: A Mojang provided command.
[01:14:24] [Server thread/INFO]: /damage: A Mojang provided command.
[01:14:24] [Server thread/INFO]: /damageindicator: Reload
[01:14:24] [Server thread/INFO]: /data: A Mojang provided command.
[01:14:24] [Server thread/INFO]: /datapack: A Mojang provided command.
[01:14:24] [Server thread/INFO]: /debug: A Mojang provided command.
[01:14:24] [Server thread/INFO]: /defaultgamemode: A Mojang provided command.
[01:14:24] [Server thread/INFO]: /deop: A Mojang provided command.
[01:14:24] [Server thread/INFO]: /dialog: A Mojang provided command.
[01:14:24] [Server thread/INFO]: /difficulty: A Mojang provided command.
[01:14:24] [Server thread/INFO]: /effect: A Mojang provided command.
[01:14:24] [Server thread/INFO]: /enchant: A Mojang provided command.
[01:14:24] [Server thread/INFO]: /execute: A Mojang provided command.
[01:14:24] [Server thread/INFO]: /experience: A Mojang provided command.
[01:14:24] [Server thread/INFO]: /fill: A Mojang provided command.
[01:14:24] [Server thread/INFO]: /fillbiome: A Mojang provided command.
[01:14:24] [Server thread/INFO]: /floodgate: A set of Floodgate related actions in one command
[01:14:24] [Server thread/INFO]: /forceload: A Mojang provided command.
[01:14:24] [Server thread/INFO]: /function: A Mojang provided command.
[01:14:24] [Server thread/INFO]: /fwhitelist: Easy way to whitelist Bedrock players
[01:14:24] [Server thread/INFO]: /gamemode: A Mojang provided command.
[01:14:24] [Server thread/INFO]: /gamerule: A Mojang provided command.
[01:14:24] [Server thread/INFO]: /geyser: 
[01:14:24] [Server thread/INFO]: /geyser-spigot:geyser: 
[01:14:24] [Server thread/INFO]: /give: A Mojang provided command.
[01:14:24] [Server thread/INFO]: /graves: Graves command
[01:14:24] [Server thread/INFO]: /help: Shows the help menu
[01:14:24] [Server thread/INFO]: /item: A Mojang provided command.
[01:14:24] [Server thread/INFO]: /jfr: A Mojang provided command.
[01:14:24] [Server thread/INFO]: /kick: A Mojang provided command.
[01:14:24] [Server thread/INFO]: /kill: A Mojang provided command.
[01:14:24] [Server thread/INFO]: /linkaccount: Link your Java account with your Bedrock account
[01:14:24] [Server thread/INFO]: /list: A Mojang provided command.
[01:14:24] [Server thread/INFO]: /locate: A Mojang provided command.
[01:14:24] [Server thread/INFO]: /loot: A Mojang provided command.
[01:14:24] [Server thread/INFO]: /me: A Mojang provided command.
[01:14:24] [Server thread/INFO]: /minecraft:advancement: A Mojang provided command.
[01:14:24] [Server thread/INFO]: /minecraft:attribute: A Mojang provided command.
[01:14:24] [Server thread/INFO]: /minecraft:ban: A Mojang provided command.
[01:14:24] [Server thread/INFO]: /minecraft:ban-ip: A Mojang provided command.
[01:14:24] [Server thread/INFO]: /minecraft:banlist: A Mojang provided command.
[01:14:24] [Server thread/INFO]: /minecraft:bossbar: A Mojang provided command.
[01:14:24] [Server thread/INFO]: /minecraft:clear: A Mojang provided command.
[01:14:24] [Server thread/INFO]: /minecraft:clone: A Mojang provided command.
[01:14:24] [Server thread/INFO]: /minecraft:damage: A Mojang provided command.
[01:14:24] [Server thread/INFO]: /minecraft:data: A Mojang provided command.
[01:14:24] [Server thread/INFO]: /minecraft:datapack: A Mojang provided command.
[01:14:24] [Server thread/INFO]: /minecraft:debug: A Mojang provided command.
[01:14:24] [Server thread/INFO]: /minecraft:defaultgamemode: A Mojang provided command.
[01:14:24] [Server thread/INFO]: /minecraft:deop: A Mojang provided command.
[01:14:24] [Server thread/INFO]: /minecraft:dialog: A Mojang provided command.
[01:14:24] [Server thread/INFO]: /minecraft:difficulty: A Mojang provided command.
[01:14:24] [Server thread/INFO]: /minecraft:effect: A Mojang provided command.
[01:14:24] [Server thread/INFO]: /minecraft:enchant: A Mojang provided command.
[01:14:24] [Server thread/INFO]: /minecraft:execute: A Mojang provided command.
[01:14:24] [Server thread/INFO]: /minecraft:experience: A Mojang provided command.
[01:14:24] [Server thread/INFO]: /minecraft:fill: A Mojang provided command.
[01:14:24] [Server thread/INFO]: /minecraft:fillbiome: A Mojang provided command.
[01:14:24] [Server thread/INFO]: /minecraft:forceload: A Mojang provided command.
[01:14:24] [Server thread/INFO]: /minecraft:function: A Mojang provided command.
[01:14:24] [Server thread/INFO]: /minecraft:gamemode: A Mojang provided command.
[01:14:24] [Server thread/INFO]: /minecraft:gamerule: A Mojang provided command.
[01:14:24] [Server thread/INFO]: /minecraft:give: A Mojang provided command.
[01:14:24] [Server thread/INFO]: /minecraft:help: A Mojang provided command.
[01:14:24] [Server thread/INFO]: /minecraft:item: A Mojang provided command.
[01:14:24] [Server thread/INFO]: /minecraft:jfr: A Mojang provided command.
[01:14:24] [Server thread/INFO]: /minecraft:kick: A Mojang provided command.
[01:14:24] [Server thread/INFO]: /minecraft:kill: A Mojang provided command.
[01:14:24] [Server thread/INFO]: /minecraft:list: A Mojang provided command.
[01:14:24] [Server thread/INFO]: /minecraft:locate: A Mojang provided command.
[01:14:24] [Server thread/INFO]: /minecraft:loot: A Mojang provided command.
[01:14:24] [Server thread/INFO]: /minecraft:me: A Mojang provided command.
[01:14:24] [Server thread/INFO]: /minecraft:msg: A Mojang provided command.
[01:14:24] [Server thread/INFO]: /minecraft:op: A Mojang provided command.
[01:14:24] [Server thread/INFO]: /minecraft:pardon: A Mojang provided command.
[01:14:24] [Server thread/INFO]: /minecraft:pardon-ip: A Mojang provided command.
[01:14:24] [Server thread/INFO]: /minecraft:particle: A Mojang provided command.
[01:14:24] [Server thread/INFO]: /minecraft:perf: A Mojang provided command.
[01:14:24] [Server thread/INFO]: /minecraft:place: A Mojang provided command.
[01:14:24] [Server thread/INFO]: /minecraft:playsound: A Mojang provided command.
[01:14:24] [Server thread/INFO]: /minecraft:random: A Mojang provided command.
[01:14:24] [Server thread/INFO]: /minecraft:recipe: A Mojang provided command.
[01:14:24] [Server thread/INFO]: /minecraft:reload: A Mojang provided command.
[01:14:24] [Server thread/INFO]: /minecraft:return: A Mojang provided command.
[01:14:24] [Server thread/INFO]: /minecraft:ride: A Mojang provided command.
[01:14:24] [Server thread/INFO]: /minecraft:rotate: A Mojang provided command.
[01:14:24] [Server thread/INFO]: /minecraft:save-all: A Mojang provided command.
[01:14:24] [Server thread/INFO]: /minecraft:save-off: A Mojang provided command.
[01:14:24] [Server thread/INFO]: /minecraft:save-on: A Mojang provided command.
[01:14:24] [Server thread/INFO]: /minecraft:say: A Mojang provided command.
[01:14:24] [Server thread/INFO]: /minecraft:schedule: A Mojang provided command.
[01:14:24] [Server thread/INFO]: /minecraft:scoreboard: A Mojang provided command.
[01:14:24] [Server thread/INFO]: /minecraft:seed: A Mojang provided command.
[01:14:24] [Server thread/INFO]: /minecraft:setblock: A Mojang provided command.
[01:14:24] [Server thread/INFO]: /minecraft:setidletimeout: A Mojang provided command.
[01:14:24] [Server thread/INFO]: /minecraft:setworldspawn: A Mojang provided command.
[01:14:24] [Server thread/INFO]: /minecraft:spawnpoint: A Mojang provided command.
[01:14:24] [Server thread/INFO]: /minecraft:spectate: A Mojang provided command.
[01:14:24] [Server thread/INFO]: /minecraft:spreadplayers: A Mojang provided command.
[01:14:24] [Server thread/INFO]: /minecraft:stop: A Mojang provided command.
[01:14:24] [Server thread/INFO]: /minecraft:stopsound: A Mojang provided command.
[01:14:24] [Server thread/INFO]: /minecraft:summon: A Mojang provided command.
[01:14:24] [Server thread/INFO]: /minecraft:tag: A Mojang provided command.
[01:14:24] [Server thread/INFO]: /minecraft:team: A Mojang provided command.
[01:14:24] [Server thread/INFO]: /minecraft:teammsg: A Mojang provided command.
[01:14:24] [Server thread/INFO]: /minecraft:teleport: A Mojang provided command.
[01:14:24] [Server thread/INFO]: /minecraft:tell: A Mojang provided command.
[01:14:24] [Server thread/INFO]: /minecraft:tellraw: A Mojang provided command.
[01:14:24] [Server thread/INFO]: /minecraft:test: A Mojang provided command.
[01:14:24] [Server thread/INFO]: /minecraft:tick: A Mojang provided command.
[01:14:24] [Server thread/INFO]: /minecraft:time: A Mojang provided command.
[01:14:24] [Server thread/INFO]: /minecraft:title: A Mojang provided command.
[01:14:24] [Server thread/INFO]: /minecraft:tm: A Mojang provided command.
[01:14:24] [Server thread/INFO]: /minecraft:tp: A Mojang provided command.
[01:14:24] [Server thread/INFO]: /minecraft:transfer: A Mojang provided command.
[01:14:24] [Server thread/INFO]: /minecraft:trigger: A Mojang provided command.
[01:14:24] [Server thread/INFO]: /minecraft:version: A Mojang provided command.
[01:14:24] [Server thread/INFO]: /minecraft:w: A Mojang provided command.
[01:14:24] [Server thread/INFO]: /minecraft:waypoint: A Mojang provided command.
[01:14:24] [Server thread/INFO]: /minecraft:weather: A Mojang provided command.
[01:14:24] [Server thread/INFO]: /minecraft:whitelist: A Mojang provided command.
[01:14:24] [Server thread/INFO]: /minecraft:worldborder: A Mojang provided command.
[01:14:24] [Server thread/INFO]: /minecraft:xp: A Mojang provided command.
[01:14:24] [Server thread/INFO]: /msg: A Mojang provided command.
[01:14:24] [Server thread/INFO]: /mspt: View server tick times
[01:14:24] [Server thread/INFO]: /op: A Mojang provided command.
[01:14:24] [Server thread/INFO]: /paper: Paper related commands
[01:14:24] [Server thread/INFO]: /paper:spark: 
[01:14:24] [Server thread/INFO]: /pardon: A Mojang provided command.
[01:14:24] [Server thread/INFO]: /pardon-ip: A Mojang provided command.
[01:14:24] [Server thread/INFO]: /particle: A Mojang provided command.
[01:14:24] [Server thread/INFO]: /perf: A Mojang provided command.
[01:14:24] [Server thread/INFO]: /pl: Gets a list of plugins running on the server
[01:14:24] [Server thread/INFO]: /place: A Mojang provided command.
[01:14:24] [Server thread/INFO]: /playsound: A Mojang provided command.
[01:14:24] [Server thread/INFO]: /plugins: Gets a list of plugins running on the server
[01:14:24] [Server thread/INFO]: /random: A Mojang provided command.
[01:14:24] [Server thread/INFO]: /recipe: A Mojang provided command.
[01:14:24] [Server thread/INFO]: /reload: A Mojang provided command.
[01:14:24] [Server thread/INFO]: /restart: Restarts the server
[01:14:24] [Server thread/INFO]: /return: A Mojang provided command.
[01:14:24] [Server thread/INFO]: /ride: A Mojang provided command.
[01:14:24] [Server thread/INFO]: /rotate: A Mojang provided command.
[01:14:24] [Server thread/INFO]: /save-all: A Mojang provided command.
[01:14:24] [Server thread/INFO]: /save-off: A Mojang provided command.
[01:14:24] [Server thread/INFO]: /save-on: A Mojang provided command.
[01:14:24] [Server thread/INFO]: /say: A Mojang provided command.
[01:14:24] [Server thread/INFO]: /schedule: A Mojang provided command.
[01:14:24] [Server thread/INFO]: /scoreboard: A Mojang provided command.
[01:14:24] [Server thread/INFO]: /seed: A Mojang provided command.
[01:14:24] [Server thread/INFO]: /setblock: A Mojang provided command.
[01:14:24] [Server thread/INFO]: /setidletimeout: A Mojang provided command.
[01:14:24] [Server thread/INFO]: /setworldspawn: A Mojang provided command.
[01:14:24] [Server thread/INFO]: /skin: Changes your own skin.
[01:14:24] [Server thread/INFO]: /skins: Opens the skins GUI.
[01:14:24] [Server thread/INFO]: /skull: Gives you a skull.
[01:14:24] [Server thread/INFO]: /spark: 
[01:14:24] [Server thread/INFO]: /spawnpoint: A Mojang provided command.
[01:14:24] [Server thread/INFO]: /spectate: A Mojang provided command.
[01:14:24] [Server thread/INFO]: /spigot: Spigot related commands
[01:14:24] [Server thread/INFO]: /spreadplayers: A Mojang provided command.
[01:14:24] [Server thread/INFO]: /sr: Admin commands for SkinsRestorer.
[01:14:24] [Server thread/INFO]: /stop: A Mojang provided command.
[01:14:24] [Server thread/INFO]: /stopsound: A Mojang provided command.
[01:14:24] [Server thread/INFO]: /summon: A Mojang provided command.
[01:14:24] [Server thread/INFO]: /tag: A Mojang provided command.
[01:14:24] [Server thread/INFO]: /team: A Mojang provided command.
[01:14:24] [Server thread/INFO]: /teammsg: A Mojang provided command.
[01:14:24] [Server thread/INFO]: /teleport: A Mojang provided command.
[01:14:24] [Server thread/INFO]: /tell: A Mojang provided command.
[01:14:24] [Server thread/INFO]: /tellraw: A Mojang provided command.
[01:14:24] [Server thread/INFO]: /test: A Mojang provided command.
[01:14:24] [Server thread/INFO]: /tick: A Mojang provided command.
[01:14:24] [Server thread/INFO]: /time: A Mojang provided command.
[01:14:24] [Server thread/INFO]: /timings: Manages Spigot Timings data to see performance of the server.
[01:14:24] [Server thread/INFO]: /title: A Mojang provided command.
[01:14:24] [Server thread/INFO]: /tm: A Mojang provided command.
[01:14:24] [Server thread/INFO]: /tp: A Mojang provided command.
[01:14:24] [Server thread/INFO]: /tps: Gets the current ticks per second for the server
[01:14:24] [Server thread/INFO]: /transfer: A Mojang provided command.
[01:14:24] [Server thread/INFO]: /trigger: A Mojang provided command.
[01:14:24] [Server thread/INFO]: /unlinkaccount: Unlink your Java account from your Bedrock account
[01:14:24] [Server thread/INFO]: /ver: Gets the version of this server including any plugins in use
[01:14:24] [Server thread/INFO]: /version: Gets the version of this server including any plugins in use
[01:14:24] [Server thread/INFO]: /viaversion: Shows ViaVersion Version and more.
[01:14:24] [Server thread/INFO]: /w: A Mojang provided command.
[01:14:24] [Server thread/INFO]: /waypoint: A Mojang provided command.
[01:14:24] [Server thread/INFO]: /weather: A Mojang provided command.
[01:14:24] [Server thread/INFO]: /whitelist: A Mojang provided command.
[01:14:24] [Server thread/INFO]: /worldborder: A Mojang provided command.
[01:14:24] [Server thread/INFO]: /xp: A Mojang provided command.
[01:14:28] [Server thread/INFO]: [Not Secure] [Server] ?
[01:14:44] [Server thread/INFO]: [Not Secure] [Server] pera ahorita entro
[01:15:42] [User Authenticator #1/INFO]: UUID of player Fernando_fyjjuk is aeb1b697-fc7e-3e14-a02d-8ff5941126a0
[01:15:43] [Server thread/INFO]: Fernando_fyjjuk joined the game
[01:15:43] [Server thread/INFO]: Fernando_fyjjuk[/127.128.11.226:58151] logged in with entity id 1128 at ([world]530.3676757294618, 71.0, -1944.082051596062)
[01:16:02] [Async Chat Thread - #3/INFO]: [Not Secure] <Fernando_fyjjuk> si mano soy pendejo
[01:16:11] [Async Chat Thread - #3/INFO]: [Not Secure] <CHOMSKYby07> por tu culpa se daño la granja :v
[01:16:12] [Async Chat Thread - #3/INFO]: [Not Secure] <CHOMSKYby07> tmr
[01:16:39] [Async Chat Thread - #3/INFO]: [Not Secure] <Fernando_fyjjuk> cayeron mal los coetes xdxd
[01:17:10] [Async Chat Thread - #3/INFO]: [Not Secure] <CHOMSKYby07> vamono
[01:17:19] [Async Chat Thread - #3/INFO]: [Not Secure] <CHOMSKYby07> carajo
[01:17:22] [Async Chat Thread - #3/INFO]: [Not Secure] <CHOMSKYby07> faltan las alfombras
[01:18:13] [Async Chat Thread - #3/INFO]: [Not Secure] <Fernando_fyjjuk> falta mi pechera
[01:18:34] [Async Chat Thread - #3/INFO]: [Not Secure] <CHOMSKYby07> duerme porfa
[01:18:37] [Server thread/INFO]: Fernando_fyjjuk lost connection: Disconnected
[01:18:37] [Server thread/INFO]: Fernando_fyjjuk left the game
[01:21:20] [Async Chat Thread - #5/INFO]: [Not Secure] <CHOMSKYby07> eddy
[01:21:24] [Async Chat Thread - #5/INFO]: [Not Secure] <CHOMSKYby07> quitaste eso de los niveles?
[01:22:34] [Server thread/INFO]: [Not Secure] [Server] si
[01:22:45] [Async Chat Thread - #7/INFO]: [Not Secure] <CHOMSKYby07> donde dejaste la caña?
[01:24:10] [Async Chat Thread - #9/INFO]: [Not Secure] <CHOMSKYby07> muy dificil xd
[01:24:40] [Async Chat Thread - #9/INFO]: [Not Secure] <CHOMSKYby07> ahora si
[01:25:05] [Async Chat Thread - #9/INFO]: [Not Secure] <CHOMSKYby07> por cierto
[01:25:14] [Async Chat Thread - #9/INFO]: [Not Secure] <CHOMSKYby07> necesitamos una granja de caña mas grande
[01:26:15] [Server thread/INFO]: [Not Secure] [Server] hay una por el spawner
[01:26:24] [Async Chat Thread - #11/INFO]: [Not Secure] <CHOMSKYby07> abajo?
[01:26:33] [Server thread/INFO]: [Not Secure] [Server] si
[01:35:59] [Async Chat Thread - #13/INFO]: [Not Secure] <CHOMSKYby07> eddy
[01:36:05] [Async Chat Thread - #13/INFO]: [Not Secure] <CHOMSKYby07> tienes las cords del punto de respaw?
[01:37:06] [Async Chat Thread - #15/INFO]: [Not Secure] <CHOMSKYby07> eddy
[01:37:09] [Async Chat Thread - #15/INFO]: [Not Secure] <CHOMSKYby07> lo encontre
[01:44:48] [Async Chat Thread - #17/INFO]: [Not Secure] <CHOMSKYby07> encontre buenas aldeas
[01:44:51] [Async Chat Thread - #17/INFO]: [Not Secure] <CHOMSKYby07> con vista al mar
[01:44:56] [Async Chat Thread - #17/INFO]: [Not Secure] <CHOMSKYby07> justo lo que quiero para cultivos
[01:45:01] [Async Chat Thread - #17/INFO]: [Not Secure] <CHOMSKYby07> demasido tarde :'v
